<?xml version="1.0" encoding="UTF-8"?>
<!-- Generated by org.testng.reporters.JUnitXMLReporter -->
<testsuite hostname="VAPS" ignored="0" name="VerifytheLoginPage" tests="4" failures="0" timestamp="2020-10-12T20:53:37 IST" time="10.132" errors="0">
  <testcase name="Login" time="2.716" classname="TestCase.VerifyLoginPage"/>
  <testcase name="Login" time="2.309" classname="TestCase.VerifyLoginPage"/>
  <testcase name="Login" time="2.322" classname="TestCase.VerifyLoginPage"/>
  <testcase name="Login" time="2.327" classname="TestCase.VerifyLoginPage"/>
</testsuite> <!-- VerifytheLoginPage -->
