<?xml version="1.0" encoding="UTF-8"?>
<testng-results skipped="0" failed="0" ignored="0" total="4" passed="4">
  <reporter-output>
  </reporter-output>
  <suite name="LoginSuite" duration-ms="10132" started-at="2020-10-12T20:53:27 IST" finished-at="2020-10-12T20:53:37 IST">
    <groups>
    </groups>
    <test name="VerifytheLoginPage" duration-ms="10132" started-at="2020-10-12T20:53:27 IST" finished-at="2020-10-12T20:53:37 IST">
      <class name="TestCase.VerifyLoginPage">
        <test-method status="PASS" signature="launchTheBrowser()[pri:0, instance:TestCase.VerifyLoginPage@2d6eabae]" name="launchTheBrowser" is-config="true" duration-ms="7159" started-at="2020-10-12T20:53:20 IST" finished-at="2020-10-12T20:53:27 IST">
          <reporter-output>
          </reporter-output>
        </test-method> <!-- launchTheBrowser -->
        <test-method status="PASS" signature="Login(java.lang.String, java.lang.String)[pri:0, instance:TestCase.VerifyLoginPage@2d6eabae]" name="Login" duration-ms="2716" started-at="2020-10-12T20:53:28 IST" data-provider="loginData" finished-at="2020-10-12T20:53:30 IST">
          <params>
            <param index="0">
              <value>
                <![CDATA[Wrong]]>
              </value>
            </param>
            <param index="1">
              <value>
                <![CDATA[P@ssw0rd]]>
              </value>
            </param>
          </params>
          <reporter-output>
          </reporter-output>
        </test-method> <!-- Login -->
        <test-method status="PASS" signature="Login(java.lang.String, java.lang.String)[pri:0, instance:TestCase.VerifyLoginPage@2d6eabae]" name="Login" duration-ms="2309" started-at="2020-10-12T20:53:30 IST" data-provider="loginData" finished-at="2020-10-12T20:53:33 IST">
          <params>
            <param index="0">
              <value>
                <![CDATA[Ayla]]>
              </value>
            </param>
            <param index="1">
              <value>
                <![CDATA[wrong]]>
              </value>
            </param>
          </params>
          <reporter-output>
          </reporter-output>
        </test-method> <!-- Login -->
        <test-method status="PASS" signature="Login(java.lang.String, java.lang.String)[pri:0, instance:TestCase.VerifyLoginPage@2d6eabae]" name="Login" duration-ms="2322" started-at="2020-10-12T20:53:33 IST" data-provider="loginData" finished-at="2020-10-12T20:53:35 IST">
          <params>
            <param index="0">
              <value>
                <![CDATA[Wrong]]>
              </value>
            </param>
            <param index="1">
              <value>
                <![CDATA[wrong]]>
              </value>
            </param>
          </params>
          <reporter-output>
          </reporter-output>
        </test-method> <!-- Login -->
        <test-method status="PASS" signature="Login(java.lang.String, java.lang.String)[pri:0, instance:TestCase.VerifyLoginPage@2d6eabae]" name="Login" duration-ms="2327" started-at="2020-10-12T20:53:35 IST" data-provider="loginData" finished-at="2020-10-12T20:53:37 IST">
          <params>
            <param index="0">
              <value>
                <![CDATA[Ayla]]>
              </value>
            </param>
            <param index="1">
              <value>
                <![CDATA[P@ssw0rd]]>
              </value>
            </param>
          </params>
          <reporter-output>
          </reporter-output>
        </test-method> <!-- Login -->
        <test-method status="PASS" signature="tearDown()[pri:0, instance:TestCase.VerifyLoginPage@2d6eabae]" name="tearDown" is-config="true" duration-ms="1089" started-at="2020-10-12T20:53:37 IST" finished-at="2020-10-12T20:53:39 IST">
          <reporter-output>
          </reporter-output>
        </test-method> <!-- tearDown -->
      </class> <!-- TestCase.VerifyLoginPage -->
    </test> <!-- VerifytheLoginPage -->
  </suite> <!-- LoginSuite -->
</testng-results>
