<?xml version="1.0" encoding="UTF-8"?>
<testng-results skipped="0" failed="0" ignored="0" total="1" passed="1">
  <reporter-output>
  </reporter-output>
  <suite name="LoginSuite" duration-ms="2814" started-at="2020-10-10T10:07:10 IST" finished-at="2020-10-10T10:07:13 IST">
    <groups>
    </groups>
    <test name="VerifytheLoginPage" duration-ms="2814" started-at="2020-10-10T10:07:10 IST" finished-at="2020-10-10T10:07:13 IST">
      <class name="TestCases.VerifyLoginPage">
        <test-method status="PASS" signature="launchTheBrowser()[pri:0, instance:TestCases.VerifyLoginPage@2d6eabae]" name="launchTheBrowser" is-config="true" duration-ms="7733" started-at="2020-10-10T10:07:03 IST" finished-at="2020-10-10T10:07:10 IST">
          <reporter-output>
          </reporter-output>
        </test-method> <!-- launchTheBrowser -->
        <test-method status="PASS" signature="Login(java.lang.String, java.lang.String)[pri:0, instance:TestCases.VerifyLoginPage@2d6eabae]" name="Login" duration-ms="2320" started-at="2020-10-10T10:07:11 IST" data-provider="loginData" finished-at="2020-10-10T10:07:13 IST">
          <params>
            <param index="0">
              <value>
                <![CDATA[Ayla]]>
              </value>
            </param>
            <param index="1">
              <value>
                <![CDATA[P@ssw0rd]]>
              </value>
            </param>
          </params>
          <reporter-output>
          </reporter-output>
        </test-method> <!-- Login -->
        <test-method status="PASS" signature="tearDown()[pri:0, instance:TestCases.VerifyLoginPage@2d6eabae]" name="tearDown" is-config="true" duration-ms="608" started-at="2020-10-10T10:07:13 IST" finished-at="2020-10-10T10:07:14 IST">
          <reporter-output>
          </reporter-output>
        </test-method> <!-- tearDown -->
      </class> <!-- TestCases.VerifyLoginPage -->
    </test> <!-- VerifytheLoginPage -->
  </suite> <!-- LoginSuite -->
</testng-results>
